[2025-12-05 09:24:33] [INFO] → Incoming → GET /org/eve
[2025-12-05 09:30:16] [INFO] → Incoming → GET /org/eve
[2025-12-05 09:31:31] [INFO] → Incoming → GET /org/eve
[2025-12-05 09:33:33] [INFO] → Incoming → GET /org/eve
[2025-12-05 09:35:07] [INFO] → Incoming → GET /org/eve
[2025-12-05 09:35:49] [INFO] → Incoming → GET /org/0e12c05a-1791-4e39-b34f-e38aab0a2edd/eve/f7bd8f0a-40ba-4c65-a2ec-4e851c61df99
[2025-12-05 09:38:16] [INFO] → Incoming → GET /org/0e12c05a-1791-4e39-b34f-e38aab0a2edd/eve/f7bd8f0a-40ba-4c65-a2ec-4e851c61df99
[2025-12-05 09:38:42] [INFO] → Incoming → GET /org/0e12c05a-1791-4e39-b34f-e38aab0a2edd/eve/f7bd8f0a-40ba-4c65-a2ec-4e851c61df99
[2025-12-05 09:39:13] [INFO] → Incoming → GET /org/0e12c05a-1791-4e39-b34f-e38aab0a2edd/eve
[2025-12-05 09:41:04] [INFO] → Incoming → GET /org/0e12c05a-1791-4e39-b34f-e38aab0a2edd/eve
[2025-12-05 10:01:27] [INFO] → Incoming → GET /org/be7c2a49-4d0f-4624-be0f-1c31210e1d8c
[2025-12-05 10:11:09] [INFO] → Incoming → POST /acc/login
[2025-12-05 10:11:53] [INFO] → Incoming → GET /org/0e12c05a-1791-4e39-b34f-e38aab0a2edd/eve/f7bd8f0a-40ba-4c65-a2ec-4e851c61df99
[2025-12-05 10:12:00] [INFO] → Incoming → GET /org/0e12c05a-1791-4e39-b34f-e38aab0a2edd/eve/f7bd8f0a-40ba-4c65-a2ec-4e851c61df99
[2025-12-05 10:12:18] [INFO] → Incoming → GET /org/0e12c05a-1791-4e39-b34f-e38aab0a2edd/eve/f7bd8f0a-40ba-4c65-a2ec-4e851c61df99
[2025-12-05 10:12:18] [ERROR] → Error → GET /org/0e12c05a-1791-4e39-b34f-e38aab0a2edd/eve/f7bd8f0a-40ba-4c65-a2ec-4e851c61df99 | Message: Authorization header missing
[2025-12-05 10:12:27] [INFO] → Incoming → GET /org/0e12c05a-1791-4e39-b34f-e38aab0a2edd/eve/f7bd8f0a-40ba-4c65-a2ec-4e851c61df99
[2025-12-05 10:12:27] [ERROR] → Error → GET /org/0e12c05a-1791-4e39-b34f-e38aab0a2edd/eve/f7bd8f0a-40ba-4c65-a2ec-4e851c61df99 | Message: Token not provided
[2025-12-05 10:12:54] [INFO] → Incoming → GET /org/0e12c05a-1791-4e39-b34f-e38aab0a2edd/eve/f7bd8f0a-40ba-4c65-a2ec-4e851c61df99
[2025-12-05 10:13:02] [INFO] → Incoming → GET /org/0e12c05a-1791-4e39-b34f-e38aab0a2edd/eve/f7bd8f0a-40ba-4c65-a2ec-4e851c61df99
[2025-12-05 10:13:02] [ERROR] → Error → GET /org/0e12c05a-1791-4e39-b34f-e38aab0a2edd/eve/f7bd8f0a-40ba-4c65-a2ec-4e851c61df99 | Message: Authorization header missing
[2025-12-05 10:13:07] [INFO] → Incoming → GET /org/0e12c05a-1791-4e39-b34f-e38aab0a2edd/eve/f7bd8f0a-40ba-4c65-a2ec-4e851c61df99
[2025-12-05 17:00:27] [INFO] → Incoming → POST /api/v1/organizations/0e12c05a-1791-4e39-b34f-e38aab0a2edd/events
[2025-12-05 17:06:37] [INFO] → Incoming → POST /api/v1/organizations/0e12c05a-1791-4e39-b34f-e38aab0a2edd/events
[2025-12-05 17:07:36] [INFO] → Incoming → POST /api/v1/organizations/0e12c05a-1791-4e39-b34f-e38aab0a2edd/events
[2025-12-05 17:10:50] [INFO] → Incoming → GET /api/v1/organizations/0e12c05a-1791-4e39-b34f-e38aab0a2edd/events
[2025-12-05 17:10:50] [ERROR] → Error → GET /api/v1/organizations/0e12c05a-1791-4e39-b34f-e38aab0a2edd/events | Message: Authorization header missing
[2025-12-05 17:11:13] [INFO] → Incoming → GET /api/v1/organizations/0e12c05a-1791-4e39-b34f-e38aab0a2edd/events
[2025-12-05 17:11:13] [ERROR] → Error → GET /api/v1/organizations/0e12c05a-1791-4e39-b34f-e38aab0a2edd/events | Message: Authorization header missing
[2025-12-05 17:11:36] [INFO] → Incoming → GET /api/v1/organizations/0e12c05a-1791-4e39-b34f-e38aab0a2edd/events
[2025-12-05 17:12:11] [INFO] → Incoming → POST /api/v1/organizations/be7c2a49-4d0f-4624-be0f-1c31210e1d8c/events
[2025-12-05 17:12:30] [INFO] → Incoming → GET /api/v1/organizations/be7c2a49-4d0f-4624-be0f-1c31210e1d8c/events
[2025-12-05 17:14:03] [INFO] → Incoming → GET /api/v1/organizations/be7c2a49-4d0f-4624-be0f-1c31210e1d8c/events/d4eff323-fa38-41fb-92de-1a97919c4e4d
[2025-12-05 17:14:03] [ERROR] → Error → GET /api/v1/organizations/be7c2a49-4d0f-4624-be0f-1c31210e1d8c/events/d4eff323-fa38-41fb-92de-1a97919c4e4d | Message: Event not found
[2025-12-05 17:14:21] [INFO] → Incoming → GET /api/v1/organizations/0e12c05a-1791-4e39-b34f-e38aab0a2edd/events/d4eff323-fa38-41fb-92de-1a97919c4e4d
[2025-12-05 17:15:51] [INFO] → Incoming → DELETE /api/v1/organizations/0e12c05a-1791-4e39-b34f-e38aab0a2edd/events/d4eff323-fa38-41fb-92de-1a97919c4e4d
[2025-12-05 17:15:56] [INFO] → Incoming → GET /api/v1/organizations/0e12c05a-1791-4e39-b34f-e38aab0a2edd/events/d4eff323-fa38-41fb-92de-1a97919c4e4d
[2025-12-05 17:15:56] [ERROR] → Error → GET /api/v1/organizations/0e12c05a-1791-4e39-b34f-e38aab0a2edd/events/d4eff323-fa38-41fb-92de-1a97919c4e4d | Message: Event not found
[2025-12-05 17:25:31] [INFO] → Incoming → PUT /api/v1/organizations/0e12c05a-1791-4e39-b34f-e38aab0a2edd/events
[2025-12-05 17:25:57] [INFO] → Incoming → PUT /api/v1/organizations/0e12c05a-1791-4e39-b34f-e38aab0a2edd/events/312c2c2c-b794-4153-a275-071030763103
[2025-12-05 17:25:58] [ERROR] → Error → PUT /api/v1/organizations/0e12c05a-1791-4e39-b34f-e38aab0a2edd/events/312c2c2c-b794-4153-a275-071030763103 | Message: 
Invalid `prisma.event.updateMany()` invocation in
D:\Siva\Backend-AllCollegeEvent-Version-1\dist\services\event.service.js:62:29

  59     };
  60 }
  61 static async updateEvent(orgId, eventId, data) {
→ 62     return prisma.event.updateMany({
           where: {
             identity: "312c2c2c-b794-4153-a275-071030763103",
             orgIdentity: "0e12c05a-1791-4e39-b34f-e38aab0a2edd"
           },
           data: {
             event_title: "Event Update",
             ~~~~~~~~~~~
             description: "demo test 2",
             event_date: "03/12/2025",
             event_time: "12:53",
             mode: "offline",
             venue: "TN",
         ?   identity?: String | StringFieldUpdateOperationsInput,
         ?   createdBy?: Int | NullableIntFieldUpdateOperationsInput | Null,
         ?   title?: String | StringFieldUpdateOperationsInput,
         ?   slug?: String | NullableStringFieldUpdateOperationsInput | Null,
         ?   bannerImage?: String | NullableStringFieldUpdateOperationsInput | Null,
         ?   venueName?: String | NullableStringFieldUpdateOperationsInput | Null,
         ?   eventDate?: String | NullableStringFieldUpdateOperationsInput | Null,
         ?   eventTime?: String | NullableStringFieldUpdateOperationsInput | Null,
         ?   publishedAt?: DateTime | NullableDateTimeFieldUpdateOperationsInput | Null,
         ?   createdAt?: DateTime | DateTimeFieldUpdateOperationsInput,
         ?   updatedAt?: DateTime | DateTimeFieldUpdateOperationsInput
           }
         })

Unknown argument `event_title`. Available options are marked with ?.
[2025-12-05 17:43:44] [INFO] → Incoming → PUT /api/v1/organizations/0e12c05a-1791-4e39-b34f-e38aab0a2edd/events/312c2c2c-b794-4153-a275-071030763103
[2025-12-05 17:45:21] [INFO] → Incoming → PUT /api/v1/organizations/0e12c05a-1791-4e39-b34f-e38aab0a2edd/events/312c2c2c-b794-4153-a275-071030763103
[2025-12-05 17:45:54] [INFO] → Incoming → PUT /api/v1/organizations/0e12c05a-1791-4e39-b34f-e38aab0a2edd/events/312c2c2c-b794-4153-a275-071030763103
[2025-12-05 17:47:47] [INFO] → Incoming → GET /api/v1/organizations
[2025-12-05 17:48:29] [INFO] → Incoming → PUT /api/v1/organizations/
[2025-12-05 17:48:36] [INFO] → Incoming → GET /api/v1/organizations/
[2025-12-05 17:50:15] [INFO] → Incoming → GET /api/v1/organizations/
[2025-12-05 17:51:00] [INFO] → Incoming → GET /api/v1/organizations/
[2025-12-05 17:51:27] [INFO] → Incoming → GET /api/v1/organizations/
[2025-12-05 17:52:44] [INFO] → Incoming → GET /api/v1/organizations/be7c2a49-4d0f-4624-be0f-1c31210e1d8c
[2025-12-05 17:53:50] [INFO] → Incoming → DELETE /api/v1/organizations/be7c2a49-4d0f-4624-be0f-1c31210e1d8c
[2025-12-05 17:55:40] [INFO] → Incoming → PUT /api/v1/organizations/be7c2a49-4d0f-4624-be0f-1c31210e1d8c
[2025-12-05 17:55:40] [ERROR] → Error → PUT /api/v1/organizations/be7c2a49-4d0f-4624-be0f-1c31210e1d8c | Message: 
Invalid `prisma.org.update()` invocation in
D:\Siva\Backend-AllCollegeEvent-Version-1\dist\services\org.service.js:92:27

  89     });
  90 }
  91 static async updateOrg(identity, data) {
→ 92     return prisma.org.update({
           where: {
             identity: "be7c2a49-4d0f-4624-be0f-1c31210e1d8c"
           },
           data: {
             password: "12345",
             type: "org",
             ~~~~
             org_name: "ECL",
             org_cat: "College",
             country: "India",
             state: "TN",
             city: "Coimbatore",
         ?   identity?: String | StringFieldUpdateOperationsInput,
         ?   domainEmail?: String | StringFieldUpdateOperationsInput,
         ?   organizationName?: String | StringFieldUpdateOperationsInput,
         ?   organizationCategory?: String | StringFieldUpdateOperationsInput,
         ?   profileImage?: String | NullableStringFieldUpdateOperationsInput | Null,
         ?   whatsapp?: String | NullableStringFieldUpdateOperationsInput | Null,
         ?   instagram?: String | NullableStringFieldUpdateOperationsInput | Null,
         ?   linkedIn?: String | NullableStringFieldUpdateOperationsInput | Null,
         ?   eventCount?: Int | IntFieldUpdateOperationsInput,
         ?   isDeleted?: Boolean | BoolFieldUpdateOperationsInput,
         ?   isVerified?: Boolean | BoolFieldUpdateOperationsInput,
         ?   updatedAt?: DateTime | NullableDateTimeFieldUpdateOperationsInput | Null,
         ?   isActive?: Boolean | NullableBoolFieldUpdateOperationsInput | Null,
         ?   logoUrl?: String | NullableStringFieldUpdateOperationsInput | Null,
         ?   website?: String | NullableStringFieldUpdateOperationsInput | Null,
         ?   createdAt?: DateTime | DateTimeFieldUpdateOperationsInput,
         ?   role?: RoleUpdateOneWithoutOrgsNestedInput,
         ?   otps?: OTPUpdateManyWithoutOrgNestedInput,
         ?   events?: EventUpdateManyWithoutOrgNestedInput
           }
         })

Unknown argument `type`. Did you mean `state`? Available options are marked with ?.
[2025-12-05 18:08:18] [INFO] → Incoming → PUT /api/v1/organizations/be7c2a49-4d0f-4624-be0f-1c31210e1d8c
[2025-12-05 18:08:18] [ERROR] → Error → PUT /api/v1/organizations/be7c2a49-4d0f-4624-be0f-1c31210e1d8c | Message: 
Invalid `prisma.org.update()` invocation in
D:\Siva\Backend-AllCollegeEvent-Version-1\dist\services\org.service.js:92:27

  89     });
  90 }
  91 static async updateOrg(identity, data) {
→ 92     return prisma.org.update({
           where: {
             identity: "be7c2a49-4d0f-4624-be0f-1c31210e1d8c"
           },
           data: {
             password: "12345",
             org_name: "ECL",
             ~~~~~~~~
             org_cat: "College",
             country: "India",
             state: "TN",
             city: "Coimbatore",
         ?   identity?: String | StringFieldUpdateOperationsInput,
         ?   domainEmail?: String | StringFieldUpdateOperationsInput,
         ?   organizationName?: String | StringFieldUpdateOperationsInput,
         ?   organizationCategory?: String | StringFieldUpdateOperationsInput,
         ?   profileImage?: String | NullableStringFieldUpdateOperationsInput | Null,
         ?   whatsapp?: String | NullableStringFieldUpdateOperationsInput | Null,
         ?   instagram?: String | NullableStringFieldUpdateOperationsInput | Null,
         ?   linkedIn?: String | NullableStringFieldUpdateOperationsInput | Null,
         ?   eventCount?: Int | IntFieldUpdateOperationsInput,
         ?   isDeleted?: Boolean | BoolFieldUpdateOperationsInput,
         ?   isVerified?: Boolean | BoolFieldUpdateOperationsInput,
         ?   updatedAt?: DateTime | NullableDateTimeFieldUpdateOperationsInput | Null,
         ?   isActive?: Boolean | NullableBoolFieldUpdateOperationsInput | Null,
         ?   logoUrl?: String | NullableStringFieldUpdateOperationsInput | Null,
         ?   website?: String | NullableStringFieldUpdateOperationsInput | Null,
         ?   createdAt?: DateTime | DateTimeFieldUpdateOperationsInput,
         ?   role?: RoleUpdateOneWithoutOrgsNestedInput,
         ?   otps?: OTPUpdateManyWithoutOrgNestedInput,
         ?   events?: EventUpdateManyWithoutOrgNestedInput
           }
         })

Unknown argument `org_name`. Available options are marked with ?.
[2025-12-05 18:10:50] [INFO] → Incoming → PUT /api/v1/organizations/be7c2a49-4d0f-4624-be0f-1c31210e1d8c
[2025-12-05 18:13:26] [INFO] → Incoming → GET /api/v1/users
[2025-12-05 18:13:26] [ERROR] → Error → GET /api/v1/users | Message: Authorization header missing
[2025-12-05 18:16:08] [INFO] → Incoming → GET /api/v1/users
[2025-12-05 18:17:22] [INFO] → Incoming → GET /api/v1/users
[2025-12-05 18:17:34] [INFO] → Incoming → GET /api/v1/users/95c48535-a88e-4296-b8c5-30b33bf7f83f
[2025-12-05 18:18:18] [INFO] → Incoming → DELETE /api/v1/users/95c48535-a88e-4296-b8c5-30b33bf7f83f
[2025-12-05 18:18:33] [INFO] → Incoming → DELETE /api/v1/user/95c48535-a88e-4296-b8c5-30b33bf7f83f
[2025-12-05 18:19:49] [INFO] → Incoming → PUT /api/v1/user/95c48535-a88e-4296-b8c5-30b33bf7f83f
[2025-12-05 18:20:24] [INFO] → Incoming → PUT /api/v1/user/95c48535-a88e-4296-b8c5-30b33bf7f83f
[2025-12-05 18:30:18] [INFO] → Incoming → POST /api/v1/auth/login
[2025-12-05 18:30:50] [INFO] → Incoming → POST /api/v1/auth/login
[2025-12-05 18:30:50] [ERROR] → Error → POST /api/v1/auth/login | Message: Account not found
[2025-12-05 18:31:02] [INFO] → Incoming → POST /api/v1/auth/login
[2025-12-05 18:32:01] [INFO] → Incoming → POST /api/v1/auth/forgot-password
[2025-12-05 18:34:03] [INFO] → Incoming → POST /api/v1/auth/verify-otp
[2025-12-05 18:34:33] [INFO] → Incoming → POST /api/v1/auth/resend-otp
[2025-12-05 18:35:06] [INFO] → Incoming → POST /api/v1/auth/reset-password
[2025-12-05 18:35:54] [INFO] → Incoming → POST /api/v1/auth/google-login
[2025-12-05 18:35:54] [ERROR] → Error → POST /api/v1/auth/google-login | Message: Token used too late, 1764939954.866 > 1764826332: {"iss":"https://accounts.google.com","azp":"314936427170-7fllsiqr9r9kugsd4246onum2pqqco9h.apps.googleusercontent.com","aud":"314936427170-7fllsiqr9r9kugsd4246onum2pqqco9h.apps.googleusercontent.com","sub":"113620763572279472591","email":"prabavathi3898@gmail.com","email_verified":true,"nbf":1764822132,"name":"Prabavathi M","picture":"https://lh3.googleusercontent.com/a/ACg8ocJ3EVCb7pCKL7iVB4lgaJdM7hy5wWYdCrHCVrIFhWPSLvEc2bGM=s96-c","given_name":"Prabavathi","family_name":"M","iat":1764822432,"exp":1764826032,"jti":"6249edc56cee22d993d073d9d797d7a92dc6200c"}
[2025-12-05 18:36:54] [INFO] → Incoming → GET /api/v1/auth/org/verify?token=eyJhbGciOiJIUzI1NiIsInR5cCI6IkpXVCJ9.eyJkYXRhIjp7ImlkZW50aXR5IjoiYmU3YzJhNDktNGQwZi00NjI0LWJlMGYtMWMzMTIxMGUxZDhjIn0sImlhdCI6MTc2NDg0MTYyOCwiZXhwIjoxNzY0OTI4MDI4fQ.SyuIvfx9eUuTp8RYtIEMgIzejB2xOsIAGGtxUf3D3ko
[2025-12-05 18:36:54] [ERROR] → Error → GET /api/v1/auth/org/verify?token=eyJhbGciOiJIUzI1NiIsInR5cCI6IkpXVCJ9.eyJkYXRhIjp7ImlkZW50aXR5IjoiYmU3YzJhNDktNGQwZi00NjI0LWJlMGYtMWMzMTIxMGUxZDhjIn0sImlhdCI6MTc2NDg0MTYyOCwiZXhwIjoxNzY0OTI4MDI4fQ.SyuIvfx9eUuTp8RYtIEMgIzejB2xOsIAGGtxUf3D3ko | Message: Invalid or expired token
[2025-12-05 18:37:25] [INFO] → Incoming → GET /api/v1/users
[2025-12-05 18:37:48] [INFO] → Incoming → GET /api/v1/users/95c48535-a88e-4296-b8c5-30b33bf7f83f
[2025-12-05 18:38:43] [INFO] → Incoming → PUT /api/v1/user/95c48535-a88e-4296-b8c5-30b33bf7f83f
[2025-12-05 18:39:20] [INFO] → Incoming → DELETE /api/v1/user/95c48535-a88e-4296-b8c5-30b33bf7f83f
[2025-12-05 18:40:40] [INFO] → Incoming → GET /api/v1/organizations/
[2025-12-05 18:40:51] [INFO] → Incoming → GET /api/v1/organizations/be7c2a49-4d0f-4624-be0f-1c31210e1d8c
[2025-12-05 18:41:25] [INFO] → Incoming → PUT /api/v1/organizations/be7c2a49-4d0f-4624-be0f-1c31210e1d8c
[2025-12-05 18:41:36] [INFO] → Incoming → DELETE /api/v1/organizations/be7c2a49-4d0f-4624-be0f-1c31210e1d8c
[2025-12-05 18:42:04] [INFO] → Incoming → GET /api/v1/organizations/be7c2a49-4d0f-4624-be0f-1c31210e1d8c/events
[2025-12-05 18:42:37] [INFO] → Incoming → GET /api/v1/organizations/0e12c05a-1791-4e39-b34f-e38aab0a2edd/events/d4eff323-fa38-41fb-92de-1a97919c4e4d
[2025-12-05 18:42:37] [ERROR] → Error → GET /api/v1/organizations/0e12c05a-1791-4e39-b34f-e38aab0a2edd/events/d4eff323-fa38-41fb-92de-1a97919c4e4d | Message: Event not found
[2025-12-05 18:42:54] [INFO] → Incoming → GET /api/v1/organizations/0e12c05a-1791-4e39-b34f-e38aab0a2edd/events/312c2c2c-b794-4153-a275-071030763103
[2025-12-05 18:44:28] [INFO] → Incoming → POST /api/v1/organizations/be7c2a49-4d0f-4624-be0f-1c31210e1d8c/events
[2025-12-05 18:45:33] [INFO] → Incoming → PUT /api/v1/organizations/0e12c05a-1791-4e39-b34f-e38aab0a2edd/events/312c2c2c-b794-4153-a275-071030763103
[2025-12-05 18:46:12] [INFO] → Incoming → DELETE /api/v1/organizations/0e12c05a-1791-4e39-b34f-e38aab0a2edd/events/d4eff323-fa38-41fb-92de-1a97919c4e4d
[2025-12-05 18:47:17] [INFO] → Incoming → DELETE /api/v1/organizations/0e12c05a-1791-4e39-b34f-e38aab0a2edd/events/f7bd8f0a-40ba-4c65-a2ec-4e851c61df99
