[2025-12-04 09:39:12] [INFO] → Incoming → POST /acc/signup
[2025-12-04 09:39:12] [ERROR] → Error → POST /acc/signup | Message: Role not found in database
[2025-12-04 09:40:29] [INFO] → Incoming → POST /acc/signup
[2025-12-04 09:42:06] [INFO] → Incoming → POST /acc/login
[2025-12-04 09:42:19] [INFO] → Incoming → POST /acc/login
[2025-12-04 09:42:19] [ERROR] → Error → POST /acc/login | Message: Account not found
[2025-12-04 09:42:23] [INFO] → Incoming → POST /acc/login
[2025-12-04 09:42:52] [INFO] → Incoming → POST /acc/signup
[2025-12-04 09:47:18] [INFO] → Incoming → POST /acc/signup
[2025-12-04 09:49:33] [INFO] → Incoming → POST /acc/login
[2025-12-04 09:50:40] [INFO] → Incoming → POST /acc/login
[2025-12-04 09:52:33] [INFO] → Incoming → POST /acc/login
[2025-12-04 09:52:57] [INFO] → Incoming → POST /acc/signup
[2025-12-04 09:54:04] [INFO] → Incoming → POST /acc/login
[2025-12-04 09:54:47] [INFO] → Incoming → POST /acc/forgot-password
[2025-12-04 09:55:13] [INFO] → Incoming → POST /acc/verify-otp
[2025-12-04 09:55:13] [ERROR] → Error → POST /acc/verify-otp | Message: Invalid OTP
[2025-12-04 09:55:21] [INFO] → Incoming → POST /acc/verify-otp
[2025-12-04 09:55:46] [INFO] → Incoming → POST /acc/reset-password
[2025-12-04 09:58:19] [INFO] → Incoming → POST /acc/google-login
[2025-12-04 10:00:40] [INFO] → Incoming → POST /acc/google-login
[2025-12-04 10:00:55] [INFO] → Incoming → POST /acc/google-login
[2025-12-04 10:01:33] [INFO] → Incoming → POST /acc/google-login
[2025-12-04 10:02:18] [INFO] → Incoming → POST /acc/resend-otp
[2025-12-04 10:03:02] [INFO] → Incoming → POST /api/eve/create
[2025-12-04 10:04:27] [INFO] → Incoming → POST /org/eve/create
[2025-12-04 10:04:28] [ERROR] → Error → POST /org/eve/create | Message: 
Invalid `prisma.event.create()` invocation in
D:\Siva\Backend-AllCollegeEvent-Version-1\dist\services\event.service.js:7:42

  4 const prisma = require("../config/db.config");
  5 class EventService {
  6     static async createEventService(data) {
→ 7         const event = await prisma.event.create({
              data: {
                orgIdentity: 9,
                             ~
                title: "demo",
                description: "demo test",
                bannerImage: null,
                eventDate: "03/12/2025",
                eventTime: "12:53",
                mode: "offline",
                venue: "TN"
              }
            })

Argument `orgIdentity`: Invalid value provided. Expected String, provided Int.
[2025-12-04 10:05:00] [INFO] → Incoming → POST /org/eve/create
[2025-12-04 10:05:00] [ERROR] → Error → POST /org/eve/create | Message: 
Invalid `prisma.event.create()` invocation in
D:\Siva\Backend-AllCollegeEvent-Version-1\dist\services\event.service.js:7:42

  4 const prisma = require("../config/db.config");
  5 class EventService {
  6     static async createEventService(data) {
→ 7         const event = await prisma.event.create({
              data: {
                orgIdentity: NaN,
                title: "demo",
                description: "demo test",
                bannerImage: null,
                eventDate: "03/12/2025",
                eventTime: "12:53",
                mode: "offline",
                venue: "TN",
            +   org: {
            +     create: OrgCreateWithoutEventsInput | OrgUncheckedCreateWithoutEventsInput,
            +     connectOrCreate: OrgCreateOrConnectWithoutEventsInput,
            +     connect: OrgWhereUniqueInput
            +   }
              }
            })

Argument `org` is missing.
[2025-12-04 10:06:56] [INFO] → Incoming → POST /org/eve/create
[2025-12-04 10:06:57] [ERROR] → Error → POST /org/eve/create | Message: 
Invalid `prisma.event.create()` invocation in
D:\Siva\Backend-AllCollegeEvent-Version-1\dist\services\event.service.js:7:42

  4 const prisma = require("../config/db.config");
  5 class EventService {
  6     static async createEventService(data) {
→ 7         const event = await prisma.event.create({
              data: {
                orgIdentity: NaN,
                title: "demo",
                description: "demo test",
                bannerImage: null,
                eventDate: "03/12/2025",
                eventTime: "12:53",
                mode: "offline",
                venue: "TN",
            +   org: {
            +     create: OrgCreateWithoutEventsInput | OrgUncheckedCreateWithoutEventsInput,
            +     connectOrCreate: OrgCreateOrConnectWithoutEventsInput,
            +     connect: OrgWhereUniqueInput
            +   }
              }
            })

Argument `org` is missing.
[2025-12-04 10:07:12] [INFO] → Incoming → POST /org/eve/create
[2025-12-04 10:07:51] [INFO] → Incoming → GET /org/eve/
[2025-12-04 10:08:07] [INFO] → Incoming → POST /org/eve/create
[2025-12-04 10:08:14] [INFO] → Incoming → GET /org/eve/
[2025-12-04 10:09:36] [INFO] → Incoming → GET /org/eve/19f02608-1705-4b2a-b592-b3dbbf5aecc8
[2025-12-04 10:09:36] [ERROR] → Error → GET /org/eve/19f02608-1705-4b2a-b592-b3dbbf5aecc8 | Message: 
Invalid `prisma.event.findUnique()` invocation in
D:\Siva\Backend-AllCollegeEvent-Version-1\dist\services\event.service.js:27:35

  24     });
  25 }
  26 static async getEventByIdService(id) {
→ 27     return await prisma.event.findUnique({
           where: {
         +   identity: String
           }
         })

Argument `identity` is missing.
[2025-12-04 10:10:08] [INFO] → Incoming → GET /org/eve/19f02608-1705-4b2a-b592-b3dbbf5aecc8
[2025-12-04 10:10:08] [ERROR] → Error → GET /org/eve/19f02608-1705-4b2a-b592-b3dbbf5aecc8 | Message: 
Invalid `prisma.event.findUnique()` invocation in
D:\Siva\Backend-AllCollegeEvent-Version-1\dist\services\event.service.js:27:35

  24     });
  25 }
  26 static async getEventByIdService(id) {
→ 27     return await prisma.event.findUnique({
           where: {
         +   identity: String
           }
         })

Argument `identity` is missing.
[2025-12-04 10:11:11] [INFO] → Incoming → GET /org/eve/19f02608-1705-4b2a-b592-b3dbbf5aecc8
[2025-12-04 10:11:11] [ERROR] → Error → GET /org/eve/19f02608-1705-4b2a-b592-b3dbbf5aecc8 | Message: 
Invalid `prisma.event.findUnique()` invocation in
D:\Siva\Backend-AllCollegeEvent-Version-1\dist\services\event.service.js:28:35

  25 }
  26 static async getEventByIdService(id) {
  27     console.log(id);
→ 28     return await prisma.event.findUnique({
           where: {
         +   identity: String
           }
         })

Argument `identity` is missing.
[2025-12-04 10:12:02] [INFO] → Incoming → GET /org/eve/19f02608-1705-4b2a-b592-b3dbbf5aecc8
[2025-12-04 10:13:35] [INFO] → Incoming → DELETE /org/eve/19f02608-1705-4b2a-b592-b3dbbf5aecc8
[2025-12-04 11:35:49] [INFO] → Incoming → POST /acc/forgot-password
[2025-12-04 11:36:17] [INFO] → Incoming → POST /acc/forgot-password
[2025-12-04 11:37:03] [INFO] → Incoming → POST /acc/signup
[2025-12-04 11:38:00] [INFO] → Incoming → GET /acc/org/verify?token=eyJhbGciOiJIUzI1NiIsInR5cCI6IkpXVCJ9.eyJkYXRhIjp7ImlkZW50aXR5IjoiMGUxMmMwNWEtMTc5MS00ZTM5LWIzNGYtZTM4YWFiMGEyZWRkIn0sImlhdCI6MTc2NDgyODQyMywiZXhwIjoxNzY0OTE0ODIzfQ.De-36b6Ylz5rCz6JEt7MLqZ6R42mMWSF91FsWMbhxVc
[2025-12-04 11:38:00] [ERROR] → Error → GET /acc/org/verify?token=eyJhbGciOiJIUzI1NiIsInR5cCI6IkpXVCJ9.eyJkYXRhIjp7ImlkZW50aXR5IjoiMGUxMmMwNWEtMTc5MS00ZTM5LWIzNGYtZTM4YWFiMGEyZWRkIn0sImlhdCI6MTc2NDgyODQyMywiZXhwIjoxNzY0OTE0ODIzfQ.De-36b6Ylz5rCz6JEt7MLqZ6R42mMWSF91FsWMbhxVc | Message: 
Invalid `prisma.org.findUnique()` invocation in
D:\Siva\Backend-AllCollegeEvent-Version-1\dist\services\auth.service.js:118:38

  115     throw new Error("Invalid or expired token");
  116 }
  117 const orgIdnty = decoded.data;
→ 118 const org = await prisma.org.findUnique({
        where: {
          identity: {
            identity: "0e12c05a-1791-4e39-b34f-e38aab0a2edd"
          }
          ~~~~~~~~~~~~~~~~~~~~~~~~~~~~~~~~~~~~~~~~~~~~~~~~~~
        }
      })

Argument `identity`: Invalid value provided. Expected String, provided Object.
[2025-12-04 11:39:47] [INFO] → Incoming → GET /acc/org/verify?token=eyJhbGciOiJIUzI1NiIsInR5cCI6IkpXVCJ9.eyJkYXRhIjp7ImlkZW50aXR5IjoiMGUxMmMwNWEtMTc5MS00ZTM5LWIzNGYtZTM4YWFiMGEyZWRkIn0sImlhdCI6MTc2NDgyODQyMywiZXhwIjoxNzY0OTE0ODIzfQ.De-36b6Ylz5rCz6JEt7MLqZ6R42mMWSF91FsWMbhxVc
[2025-12-04 11:52:43] [INFO] → Incoming → POST /org/eve/create
[2025-12-04 11:54:01] [INFO] → Incoming → POST /org/eve/create
[2025-12-04 11:59:39] [INFO] → Incoming → GET /org/eve
[2025-12-04 12:01:00] [INFO] → Incoming → GET /org/
[2025-12-04 12:10:41] [INFO] → Incoming → GET /org/0e12c05a-1791-4e39-b34f-e38aab0a2edd
[2025-12-04 12:10:51] [INFO] → Incoming → GET /org/
[2025-12-04 12:11:45] [INFO] → Incoming → GET /org/0e12c05a-1791-4e39-b34f-e38aab0a2edd
[2025-12-04 12:13:16] [INFO] → Incoming → GET /org/0e12c05a-1791-4e39-b34f-e38aab0a2edd/eve
[2025-12-04 12:14:32] [INFO] → Incoming → GET /org/0e12c05a-1791-4e39-b34f-e38aab0a2edd/eve
[2025-12-04 12:21:23] [INFO] → Incoming → POST /org/eve/create
[2025-12-04 12:27:12] [INFO] → Incoming → POST /org/eve/create
[2025-12-04 12:28:09] [INFO] → Incoming → POST /org/eve/create
[2025-12-04 12:28:35] [INFO] → Incoming → GET //uploads/image-1764831489704-575138086.jpg
[2025-12-04 12:28:40] [INFO] → Incoming → GET /uploads/image-1764831489704-575138086.jpg
[2025-12-04 12:52:45] [INFO] → Incoming → POST /org/eve/create
[2025-12-04 12:53:13] [INFO] → Incoming → POST /org/eve/create
[2025-12-04 12:53:54] [INFO] → Incoming → GET //uploads/image-1764832993025-358277881.jpg
[2025-12-04 14:12:48] [INFO] → Incoming → POST /user
[2025-12-04 14:12:54] [INFO] → Incoming → GET /user
[2025-12-04 14:14:30] [INFO] → Incoming → GET /user/c527d325-7b29-41fd-9ed7-e0cdcc0434d3
[2025-12-04 14:14:45] [INFO] → Incoming → GET /user/95c48535-a88e-4296-b8c5-30b33bf7f83f
[2025-12-04 14:15:09] [INFO] → Incoming → GET /user/95c48535-a88e-4296-b8c5-30b33bf7f83
[2025-12-04 14:15:09] [ERROR] → Error → GET /user/95c48535-a88e-4296-b8c5-30b33bf7f83 | Message: User not found
[2025-12-04 14:25:00] [INFO] → Incoming → GET /user/95c48535-a88e-4296-b8c5-30b33bf7f83f
[2025-12-04 14:27:11] [INFO] → Incoming → DELETE /user/95c48535-a88e-4296-b8c5-30b33bf7f83f
[2025-12-04 15:03:35] [INFO] → Incoming → POST /acc/signup
[2025-12-04 15:03:35] [ERROR] → Error → POST /acc/signup | Message: Email already registered
[2025-12-04 15:04:04] [INFO] → Incoming → POST /acc/login
[2025-12-04 15:17:08] [INFO] → Incoming → POST /acc/signup
[2025-12-04 15:24:15] [INFO] → Incoming → GET /api/auth/org/verify?token=eyJhbGciOiJIUzI1NiIsInR5cCI6IkpXVCJ9.eyJkYXRhIjp7ImlkZW50aXR5IjoiYmU3YzJhNDktNGQwZi00NjI0LWJlMGYtMWMzMTIxMGUxZDhjIn0sImlhdCI6MTc2NDg0MTYyOCwiZXhwIjoxNzY0OTI4MDI4fQ.SyuIvfx9eUuTp8RYtIEMgIzejB2xOsIAGGtxUf3D3ko
[2025-12-04 15:24:45] [INFO] → Incoming → GET /acc/org/verify?token=eyJhbGciOiJIUzI1NiIsInR5cCI6IkpXVCJ9.eyJkYXRhIjp7ImlkZW50aXR5IjoiYmU3YzJhNDktNGQwZi00NjI0LWJlMGYtMWMzMTIxMGUxZDhjIn0sImlhdCI6MTc2NDg0MTYyOCwiZXhwIjoxNzY0OTI4MDI4fQ.SyuIvfx9eUuTp8RYtIEMgIzejB2xOsIAGGtxUf3D3ko
[2025-12-04 15:25:54] [INFO] → Incoming → POST /org/eve/create
[2025-12-04 15:29:37] [INFO] → Incoming → POST /org/eve/create
[2025-12-04 15:29:55] [INFO] → Incoming → POST /org/eve/create
[2025-12-04 15:35:39] [INFO] → Incoming → GET /org/0e12c05a-1791-4e39-b34f-e38aab0a2edd/eve/0e12c05a-1791-4e39-b34f-e38aab0a2edd
[2025-12-04 15:35:39] [ERROR] → Error → GET /org/0e12c05a-1791-4e39-b34f-e38aab0a2edd/eve/0e12c05a-1791-4e39-b34f-e38aab0a2edd | Message: Event not found
[2025-12-04 15:35:58] [INFO] → Incoming → GET /org/0e12c05a-1791-4e39-b34f-e38aab0a2edd/eve/08f8de30-cf02-4366-8103-90427538ec50
[2025-12-04 15:36:11] [INFO] → Incoming → GET /org/0e12c05a-1791-4e39-b34f-e38aab0a2edd/eve/0f19f57f-0425-47a2-b722-77d71c7503e2
[2025-12-04 15:36:11] [ERROR] → Error → GET /org/0e12c05a-1791-4e39-b34f-e38aab0a2edd/eve/0f19f57f-0425-47a2-b722-77d71c7503e2 | Message: Event not found
[2025-12-04 15:36:37] [INFO] → Incoming → GET /org/be7c2a49-4d0f-4624-be0f-1c31210e1d8c/eve/0f19f57f-0425-47a2-b722-77d71c7503e2
[2025-12-04 15:36:57] [INFO] → Incoming → GET /org/eve
[2025-12-04 15:42:51] [INFO] → Incoming → DELETE /org/0e12c05a-1791-4e39-b34f-e38aab0a2edd/eve/08f8de30-cf02-4366-8103-90427538ec50
[2025-12-04 15:43:28] [INFO] → Incoming → GET /org/0e12c05a-1791-4e39-b34f-e38aab0a2edd/eve
[2025-12-04 15:43:57] [INFO] → Incoming → GET /org/be7c2a49-4d0f-4624-be0f-1c31210e1d8c/eve
[2025-12-04 15:44:45] [INFO] → Incoming → GET /org
[2025-12-04 15:44:58] [INFO] → Incoming → GET /org/0e12c05a-1791-4e39-b34f-e38aab0a2edd
[2025-12-04 15:45:05] [INFO] → Incoming → GET /org/be7c2a49-4d0f-4624-be0f-1c31210e1d8c
[2025-12-04 16:33:22] [INFO] → Incoming → GET /org/eve
[2025-12-04 16:33:23] [ERROR] → Error → GET /org/eve | Message: Organization not found
[2025-12-04 16:33:55] [INFO] → Incoming → GET /org/eve
[2025-12-04 16:33:55] [ERROR] → Error → GET /org/eve | Message: Organization not found
[2025-12-04 16:35:26] [INFO] → Incoming → GET /org/eve
[2025-12-04 16:35:27] [ERROR] → Error → GET /org/eve | Message: Organization not found
[2025-12-04 16:42:37] [INFO] → Incoming → GET /org/eve
[2025-12-04 16:42:37] [ERROR] → Error → GET /org/eve | Message: Organization not found
[2025-12-04 16:43:11] [INFO] → Incoming → POST /acc/login
[2025-12-04 16:43:24] [INFO] → Incoming → GET /org/eve
[2025-12-04 16:43:24] [ERROR] → Error → GET /org/eve | Message: Organization not found
[2025-12-04 16:44:19] [INFO] → Incoming → GET /org/eve
[2025-12-04 16:44:19] [ERROR] → Error → GET /org/eve | Message: Organization not found
[2025-12-04 16:44:37] [INFO] → Incoming → GET /org/be7c2a49-4d0f-4624-be0f-1c31210e1d8c/eve/0f19f57f-0425-47a2-b722-77d71c7503e2
[2025-12-04 16:44:49] [INFO] → Incoming → GET /org/be7c2a49-4d0f-4624-be0f-1c31210e1d8c/eve
[2025-12-04 16:44:57] [INFO] → Incoming → GET /org/eve
[2025-12-04 16:44:57] [ERROR] → Error → GET /org/eve | Message: Organization not found
[2025-12-04 16:47:38] [INFO] → Incoming → GET /org/eve
[2025-12-04 16:47:38] [ERROR] → Error → GET /org/eve | Message: Organization not found
[2025-12-04 16:47:49] [INFO] → Incoming → GET /api/user
[2025-12-04 16:47:53] [INFO] → Incoming → GET /org/eve
[2025-12-04 16:47:53] [ERROR] → Error → GET /org/eve | Message: Organization not found
[2025-12-04 16:47:53] [INFO] → Incoming → GET /.well-known/appspecific/com.chrome.devtools.json
[2025-12-04 16:51:17] [INFO] → Incoming → GET /org/eve
[2025-12-04 16:51:17] [ERROR] → Error → GET /org/eve | Message: Organization not found
[2025-12-04 16:52:52] [INFO] → Incoming → GET /org/eve
[2025-12-04 16:54:48] [INFO] → Incoming → GET /org/eve
[2025-12-04 17:04:00] [INFO] → Incoming → GET /org/be7c2a49-4d0f-4624-be0f-1c31210e1d8c/eve
[2025-12-04 18:15:51] [INFO] → Incoming → GET /org/be7c2a49-4d0f-4624-be0f-1c31210e1d8c/eve
[2025-12-04 18:19:30] [INFO] → Incoming → GET /org/0e12c05a-1791-4e39-b34f-e38aab0a2edd/eve
[2025-12-04 18:22:39] [INFO] → Incoming → GET /org/0e12c05a-1791-4e39-b34f-e38aab0a2edd/eve
[2025-12-04 18:22:58] [INFO] → Incoming → GET /org/eve
[2025-12-04 18:23:16] [INFO] → Incoming → GET /org/be7c2a49-4d0f-4624-be0f-1c31210e1d8c
[2025-12-04 18:23:32] [INFO] → Incoming → GET /org/be7c2a49-4d0f-4624-be0f-1c31210e1d8c/eve/0f19f57f-0425-47a2-b722-77d71c7503e2
[2025-12-04 18:23:32] [ERROR] → Error → GET /org/be7c2a49-4d0f-4624-be0f-1c31210e1d8c/eve/0f19f57f-0425-47a2-b722-77d71c7503e2 | Message: events.map is not a function
[2025-12-04 18:24:12] [INFO] → Incoming → GET /org/be7c2a49-4d0f-4624-be0f-1c31210e1d8c/eve/3b36d292-b8c5-4421-be4c-be4ac20e40e3
[2025-12-04 18:24:12] [ERROR] → Error → GET /org/be7c2a49-4d0f-4624-be0f-1c31210e1d8c/eve/3b36d292-b8c5-4421-be4c-be4ac20e40e3 | Message: events.map is not a function
[2025-12-04 18:29:31] [INFO] → Incoming → GET /org/be7c2a49-4d0f-4624-be0f-1c31210e1d8c/eve/3b36d292-b8c5-4421-be4c-be4ac20e40e3
[2025-12-04 18:29:50] [INFO] → Incoming → GET /org/be7c2a49-4d0f-4624-be0f-1c31210e1d8c/eve/f7bd8f0a-40ba-4c65-a2ec-4e851c61df99
[2025-12-04 18:29:50] [ERROR] → Error → GET /org/be7c2a49-4d0f-4624-be0f-1c31210e1d8c/eve/f7bd8f0a-40ba-4c65-a2ec-4e851c61df99 | Message: Event not found
[2025-12-04 18:30:09] [INFO] → Incoming → GET /org/0e12c05a-1791-4e39-b34f-e38aab0a2edd/eve/f7bd8f0a-40ba-4c65-a2ec-4e851c61df99
[2025-12-04 18:30:27] [INFO] → Incoming → GET /org/0e12c05a-1791-4e39-b34f-e38aab0a2edd/eve
[2025-12-04 18:30:41] [INFO] → Incoming → GET /org/be7c2a49-4d0f-4624-be0f-1c31210e1d8c
[2025-12-04 18:30:52] [INFO] → Incoming → GET /org/eve
