[2025-12-09 10:13:12] [INFO] → Incoming → POST /api/v1/auth/login
[2025-12-09 10:13:23] [INFO] → Incoming → POST /api/v1/auth/login
[2025-12-09 10:13:33] [INFO] → Incoming → POST /api/v1/auth/login
[2025-12-09 10:19:48] [INFO] → Incoming → POST /api/v1/auth/signup
[2025-12-09 10:19:53] [INFO] → Incoming → POST /api/v1/auth/signup
[2025-12-09 16:35:42] [INFO] → Incoming → GET /api/v1/auth/login
[2025-12-09 16:36:35] [INFO] → Incoming → POST /api/v1/auth/login
[2025-12-09 16:37:01] [INFO] → Incoming → POST /api/v1/auth/signup
[2025-12-09 16:40:45] [INFO] → Incoming → POST /api/v1/auth/signup
[2025-12-09 16:41:06] [INFO] → Incoming → POST /api/v1/auth/signup
[2025-12-09 16:43:46] [INFO] → Incoming → POST /api/v1/auth/signup
[2025-12-09 17:01:40] [INFO] → Incoming → POST /api/v1/auth/signup
[2025-12-09 17:02:11] [INFO] → Incoming → POST /api/v1/auth/signup
[2025-12-09 17:02:28] [INFO] → Incoming → POST /api/v1/auth/login
[2025-12-09 17:02:34] [INFO] → Incoming → POST /api/v1/auth/login
[2025-12-09 17:03:48] [INFO] → Incoming → POST /api/v1/auth/login
[2025-12-09 17:03:52] [INFO] → Incoming → POST /api/v1/auth/login
[2025-12-09 17:03:58] [INFO] → Incoming → POST /api/v1/auth/login
[2025-12-09 17:04:09] [INFO] → Incoming → POST /api/v1/auth/login
[2025-12-09 17:04:16] [INFO] → Incoming → POST /api/v1/auth/login
[2025-12-09 17:06:06] [INFO] → Incoming → POST /api/v1/auth/login
[2025-12-09 17:09:33] [INFO] → Incoming → POST /api/v1/auth/forgot-password
[2025-12-09 17:10:23] [INFO] → Incoming → POST /api/v1/auth/resend-otp
[2025-12-09 17:10:31] [INFO] → Incoming → POST /api/v1/auth/resend-otp
[2025-12-09 17:10:37] [INFO] → Incoming → POST /api/v1/auth/resend-otp
[2025-12-09 17:11:25] [INFO] → Incoming → POST /api/v1/auth/verify-otp
[2025-12-09 17:11:33] [INFO] → Incoming → POST /api/v1/auth/verify-otp
[2025-12-09 17:11:36] [INFO] → Incoming → POST /api/v1/auth/verify-otp
[2025-12-09 17:11:48] [INFO] → Incoming → POST /api/v1/auth/verify-otp
[2025-12-09 17:11:52] [INFO] → Incoming → POST /api/v1/auth/verify-otp
[2025-12-09 17:12:29] [INFO] → Incoming → POST /api/v1/auth/reset-password
[2025-12-09 17:12:56] [INFO] → Incoming → POST /api/v1/auth/reset-password
[2025-12-09 17:41:00] [INFO] → Incoming → POST //api/v1/auth/signup
[2025-12-09 17:41:13] [INFO] → Incoming → POST /api/v1/auth/signup
[2025-12-09 17:41:27] [INFO] → Incoming → POST /api/v1/auth/signup
[2025-12-09 17:43:34] [INFO] → Incoming → POST //api/v1/organizations/eaf480db-2bb2-46d4-9600-d4125b137767/events
[2025-12-09 17:43:42] [INFO] → Incoming → POST /api/v1/organizations/eaf480db-2bb2-46d4-9600-d4125b137767/events
[2025-12-09 17:52:08] [INFO] → Incoming → POST /api/v1/organizations/eaf480db-2bb2-46d4-9600-d4125b137767/events
[2025-12-09 18:10:10] [INFO] → Incoming → POST /api/v1/organizations/eaf480db-2bb2-46d4-9600-d4125b137767/events
[2025-12-09 18:16:07] [INFO] → Incoming → POST /api/v1/organizations/eaf480db-2bb2-46d4-9600-d4125b137767/events
[2025-12-09 18:18:26] [INFO] → Incoming → POST /api/v1/organizations/eaf480db-2bb2-46d4-9600-d4125b137767/events
[2025-12-09 18:19:36] [INFO] → Incoming → POST /api/v1/organizations/f26efaa0-f447-4468-b0b9-83b660806723/events
[2025-12-09 18:29:41] [INFO] → Incoming → POST /api/v1/organizations/f26efaa0-f447-4468-b0b9-83b660806723/events
[2025-12-09 18:29:49] [INFO] → Incoming → POST /api/v1/organizations/f26efaa0-f447-4468-b0b9-83b660806723/events
[2025-12-09 18:30:56] [INFO] → Incoming → PUT //api/v1/organizations/f26efaa0-f447-4468-b0b9-83b660806723/events/d3e9b563-6aa6-41fe-9efa-1b05e5ecf480
[2025-12-09 18:31:02] [INFO] → Incoming → PUT /api/v1/organizations/f26efaa0-f447-4468-b0b9-83b660806723/events/d3e9b563-6aa6-41fe-9efa-1b05e5ecf480
