[2026-01-05 13:01:29] [INFO] → Incoming → GET /api/v1/events
[2026-01-05 13:01:55] [INFO] → Incoming → GET /api/v1/events
[2026-01-05 15:19:36] [INFO] → Incoming → POST /api/v1/auth/signup
[2026-01-05 15:19:58] [INFO] → Incoming → POST /api/v1/auth/signup
[2026-01-05 15:20:59] [INFO] → Incoming → POST /api/v1/auth/login
[2026-01-05 15:21:18] [INFO] → Incoming → POST /api/v1/auth/login
[2026-01-05 15:21:32] [INFO] → Incoming → POST /api/v1/auth/login
[2026-01-05 18:08:02] [INFO] → Incoming → POST /api/v1/organizations/35a6560f-503d-4039-8558-ddf82071898a/events
[2026-01-05 18:08:02] [ERROR] → Error → POST /api/v1/organizations/35a6560f-503d-4039-8558-ddf82071898a/events | Message: 
Invalid `tx.org.update()` invocation in
D:\Siva\Backend-AllCollegeEvent-Version-1\dist\services\event\event.service.js:71:30

  68 --------------------------------------------------- */
  69   const orgSocialUpdate = buildOrgSocialUpdate(payload.socialLinks);
  70   if (Object.keys(orgSocialUpdate).length) {
→ 71       await tx.org.update({
             where: {
               identity: "35a6560f-503d-4039-8558-ddf82071898a"
             },
             data: {
               instagram: "https://instagram.com/aiconf",
               ~~~~~~~~~
           ?   identity?: String | StringFieldUpdateOperationsInput,
           ?   domainEmail?: String | StringFieldUpdateOperationsInput,
           ?   password?: String | StringFieldUpdateOperationsInput,
           ?   organizationName?: String | StringFieldUpdateOperationsInput,
           ?   organizationCategory?: String | StringFieldUpdateOperationsInput,
           ?   city?: String | StringFieldUpdateOperationsInput,
           ?   state?: String | StringFieldUpdateOperationsInput,
           ?   country?: String | StringFieldUpdateOperationsInput,
           ?   profileImage?: String | NullableStringFieldUpdateOperationsInput | Null,
           ?   eventCount?: Int | IntFieldUpdateOperationsInput,
           ?   isDeleted?: Boolean | BoolFieldUpdateOperationsInput,
           ?   isVerified?: Boolean | BoolFieldUpdateOperationsInput,
           ?   updatedAt?: DateTime | NullableDateTimeFieldUpdateOperationsInput | Null,
           ?   isActive?: Boolean | NullableBoolFieldUpdateOperationsInput | Null,
           ?   logoUrl?: String | NullableStringFieldUpdateOperationsInput | Null,
           ?   website?: String | NullableStringFieldUpdateOperationsInput | Null,
           ?   isAdminCreated?: Boolean | BoolFieldUpdateOperationsInput,
           ?   adminCreatedBy?: String | NullableStringFieldUpdateOperationsInput | Null,
           ?   createdAt?: DateTime | DateTimeFieldUpdateOperationsInput,
           ?   role?: RoleUpdateOneWithoutOrgsNestedInput,
           ?   otps?: OTPUpdateManyWithoutOrgNestedInput,
           ?   events?: EventUpdateManyWithoutOrgNestedInput,
           ?   Collaborator?: CollaboratorUpdateManyWithoutOrgNestedInput,
           ?   socialLinks?: OrgSocialLinkUpdateManyWithoutOrgNestedInput
             }
           })

Unknown argument `instagram`. Available options are marked with ?.
[2026-01-05 18:22:47] [INFO] → Incoming → POST /api/v1/organizations/35a6560f-503d-4039-8558-ddf82071898a/events
[2026-01-05 18:22:47] [ERROR] → Error → POST /api/v1/organizations/35a6560f-503d-4039-8558-ddf82071898a/events | Message: 
Invalid `tx.collaborator.create()` invocation in
D:\Siva\Backend-AllCollegeEvent-Version-1\dist\services\event\event.service.js:106:43

  103     },
  104 });
  105 // 3.2 Create Collaborator mapping (Event ↔ Member)
→ 106 await tx.collaborator.create(
Unique constraint failed on the fields: (`collaboratorMemberId`,`eventIdentity`)
[2026-01-05 18:47:06] [INFO] → Incoming → POST /api/v1/organizations/35a6560f-503d-4039-8558-ddf82071898a/events
[2026-01-05 18:50:05] [INFO] → Incoming → GET /api/v1/events
[2026-01-05 18:50:49] [INFO] → Incoming → GET /api/v1/events
[2026-01-05 19:13:08] [INFO] → Incoming → POST /api/v1/organizations/35a6560f-503d-4039-8558-ddf82071898a/events
[2026-01-05 19:13:39] [INFO] → Incoming → GET /api/v1/events
