[2026-01-01 01:39:53] [INFO] → Incoming → POST /api/v1/auth/login
[2026-01-01 01:40:28] [INFO] → Incoming → POST /api/v1/auth/login
[2026-01-01 01:40:57] [INFO] → Incoming → POST /api/v1/organization/fa0e5396-c931-4c41-b456-5a3ef5828bc7/events
[2026-01-01 01:41:12] [INFO] → Incoming → POST /api/v1/organizations/fa0e5396-c931-4c41-b456-5a3ef5828bc7/events
[2026-01-01 01:41:12] [ERROR] → Error → POST /api/v1/organizations/fa0e5396-c931-4c41-b456-5a3ef5828bc7/events | Message: Missing required key 'Bucket' in params
[2026-01-01 01:48:10] [INFO] → Incoming → POST /api/v1/organizations/fa0e5396-c931-4c41-b456-5a3ef5828bc7/events
[2026-01-01 01:54:17] [INFO] → Incoming → GET /api/v1/organizations/fa0e5396-c931-4c41-b456-5a3ef5828bc7/events
[2026-01-01 01:54:38] [INFO] → Incoming → GET /api/v1/organization/fa0e5396-c931-4c41-b456-5a3ef5828bc7/events
[2026-01-01 01:55:15] [INFO] → Incoming → GET /api/v1/organizations/fa0e5396-c931-4c41-b456-5a3ef5828bc7/events
[2026-01-01 01:55:53] [INFO] → Incoming → GET /api/v1/organization/fa0e5396-c931-4c41-b456-5a3ef5828bc7/events
[2026-01-01 18:45:20] [INFO] → Incoming → POST /api/v1/auth/login
[2026-01-01 18:45:52] [INFO] → Incoming → GET /api/v1/organizations/20a8373f-7a23-4b18-8e68-cbebde130c8d/events/cfc0ad27-0eba-455c-83d7-3dc2a232e323
[2026-01-01 18:56:28] [INFO] → Incoming → GET /api/v1/organizations/fa0e5396-c931-4c41-b456-5a3ef5828bc7/events/bd7f2f10-ff4e-4ad1-bbd7-074f96ec4dc2
[2026-01-01 19:13:08] [INFO] → Incoming → GET /api/v1/organizations/fa0e5396-c931-4c41-b456-5a3ef5828bc7/events/bd7f2f10-ff4e-4ad1-bbd7-074f96ec4dc2
[2026-01-01 19:14:22] [INFO] → Incoming → GET /api/v1/events
[2026-01-01 20:38:59] [INFO] → Incoming → GET /api/v1/events/8cb6bc9-d45a-404d-9e27-9ac3cc9af90a
[2026-01-01 20:39:23] [INFO] → Incoming → GET /api/v1/events/58cb6bc9-d45a-404d-9e27-9ac3cc9af90a
[2026-01-01 20:39:55] [INFO] → Incoming → GET /api/v1/organizations/fa0e5396-c931-4c41-b456-5a3ef5828bc7/events/bd7f2f10-ff4e-4ad1-bbd7-074f96ec4dc2
[2026-01-01 20:40:02] [INFO] → Incoming → GET /api/v1/organizations/fa0e5396-c931-4c41-b456-5a3ef5828bc7/events/58cb6bc9-d45a-404d-9e27-9ac3cc9af90a
[2026-01-01 21:44:31] [INFO] → Incoming → GET /api/v1/organizations/fa0e5396-c931-4c41-b456-5a3ef5828bc7/events/58cb6bc9-d45a-404d-9e27-9ac3cc9af90a
[2026-01-01 21:45:00] [INFO] → Incoming → GET /api/v1/events
[2026-01-01 21:45:17] [INFO] → Incoming → GET /api/v1/events/58cb6bc9-d45a-404d-9e27-9ac3cc9af90a
[2026-01-01 21:46:32] [INFO] → Incoming → GET /api/v1/organization/fa0e5396-c931-4c41-b456-5a3ef5828bc7/events
[2026-01-01 22:03:35] [INFO] → Incoming → GET /api/v1/organization/fa0e5396-c931-4c41-b456-5a3ef5828bc7/events
