[2025-12-13 09:34:04] [INFO] → Incoming → POST /api/v1/auth/login
[2025-12-13 09:35:54] [INFO] → Incoming → POST /api/v1/auth/signup
[2025-12-13 09:36:05] [INFO] → Incoming → POST /api/v1/auth/signup
[2025-12-13 09:36:16] [INFO] → Incoming → POST /api/v1/auth/login
[2025-12-13 09:37:11] [INFO] → Incoming → POST /api/v1/auth/login
[2025-12-13 09:37:54] [INFO] → Incoming → GET //api/v1/organizations/
[2025-12-13 09:38:01] [INFO] → Incoming → GET /api/v1/organizations/
[2025-12-13 10:01:51] [INFO] → Incoming → POST /api/v1/auth/signup
[2025-12-13 10:02:08] [INFO] → Incoming → POST /api/v1/auth/signup
[2025-12-13 10:04:25] [INFO] → Incoming → POST /api/v1/auth/signup
[2025-12-13 10:17:38] [INFO] → Incoming → GET /api/v1/users/0310137d-c49a-4ab2-ac8e-e510ec1364dd
[2025-12-13 10:59:58] [INFO] → Incoming → GET /api/v1/users/0310137d-c49a-4ab2-ac8e-e510ec1364dd
[2025-12-13 11:01:32] [INFO] → Incoming → POST /api/v1/admin/events
[2025-12-13 11:01:36] [INFO] → Incoming → GET /api/v1/admin/events
[2025-12-13 12:35:55] [INFO] → Incoming → POST /api/v1/auth/signup
[2025-12-13 12:36:12] [INFO] → Incoming → POST /api/v1/auth/signup
[2025-12-13 12:40:36] [INFO] → Incoming → POST /api/v1/auth/signup
[2025-12-13 12:41:00] [INFO] → Incoming → POST /api/v1/auth/signup
[2025-12-13 12:41:12] [INFO] → Incoming → POST /api/v1/auth/signup
[2025-12-13 12:41:31] [INFO] → Incoming → POST /api/v1/auth/signup
[2025-12-13 12:42:28] [INFO] → Incoming → POST /api/v1/auth/login
[2025-12-13 12:42:34] [INFO] → Incoming → POST /api/v1/auth/login
[2025-12-13 12:42:40] [INFO] → Incoming → POST /api/v1/auth/login
[2025-12-13 12:42:50] [INFO] → Incoming → POST /api/v1/auth/login
[2025-12-13 12:42:58] [INFO] → Incoming → POST /api/v1/auth/login
[2025-12-13 12:43:03] [INFO] → Incoming → POST /api/v1/auth/login
[2025-12-13 12:44:58] [INFO] → Incoming → POST /api/v1/auth/signup
[2025-12-13 12:45:15] [INFO] → Incoming → POST /api/v1/auth/signup
[2025-12-13 12:45:58] [INFO] → Incoming → POST /api/v1/auth/signup
[2025-12-13 12:46:17] [INFO] → Incoming → POST /api/v1/auth/signup
[2025-12-13 12:46:25] [INFO] → Incoming → POST /api/v1/auth/signup
[2025-12-13 12:48:51] [INFO] → Incoming → POST /api/v1/auth/signup
[2025-12-13 12:55:17] [INFO] → Incoming → POST /api/v1/auth/login
[2025-12-13 12:55:53] [INFO] → Incoming → POST /api/v1/auth/login
[2025-12-13 12:56:01] [INFO] → Incoming → POST /api/v1/auth/login
[2025-12-13 12:56:06] [INFO] → Incoming → POST /api/v1/auth/login
[2025-12-13 12:56:12] [INFO] → Incoming → POST /api/v1/auth/login
[2025-12-13 12:57:51] [INFO] → Incoming → POST /api/v1/auth/forgot-password
[2025-12-13 12:57:57] [INFO] → Incoming → POST /api/v1/auth/forgot-password
[2025-12-13 12:58:08] [INFO] → Incoming → POST /api/v1/auth/forgot-password
[2025-12-13 12:58:56] [INFO] → Incoming → POST /api/v1/auth/resend-otp
[2025-12-13 12:59:24] [INFO] → Incoming → POST /api/v1/auth/resend-otp
[2025-12-13 12:59:35] [INFO] → Incoming → POST /api/v1/auth/verify-otp
[2025-12-13 12:59:55] [INFO] → Incoming → POST /api/v1/auth/verify-otp
[2025-12-13 13:00:26] [INFO] → Incoming → POST /api/v1/auth/reset-password
[2025-12-13 13:00:31] [INFO] → Incoming → POST /api/v1/auth/reset-password
