[2026-01-02 10:50:29] [INFO] → Incoming → POST /organizations/fa0e5396-c931-4c41-b456-5a3ef5828bc7/events
[2026-01-02 10:50:43] [INFO] → Incoming → POST /api/v1/organizations/fa0e5396-c931-4c41-b456-5a3ef5828bc7/events
[2026-01-02 10:56:47] [INFO] → Incoming → GET /api/v1/organization/fa0e5396-c931-4c41-b456-5a3ef5828bc7/events
[2026-01-02 11:56:59] [INFO] → Incoming → POST /api/v1/auth/signup
[2026-01-02 11:57:06] [INFO] → Incoming → POST /api/v1/auth/signup
[2026-01-02 11:58:02] [INFO] → Incoming → POST /api/v1/auth/login
[2026-01-02 12:04:54] [INFO] → Incoming → POST /organizations/35a6560f-503d-4039-8558-ddf82071898a/events
[2026-01-02 12:05:02] [INFO] → Incoming → POST /api/v1/organizations/35a6560f-503d-4039-8558-ddf82071898a/events
[2026-01-02 12:12:58] [INFO] → Incoming → POST /api/v1/organizations/35a6560f-503d-4039-8558-ddf82071898a/events
[2026-01-02 12:13:55] [INFO] → Incoming → GET /api/v1/organization/fa0e5396-c931-4c41-b456-5a3ef5828bc7/events
[2026-01-02 12:14:20] [INFO] → Incoming → GET /api/v1/organization/35a6560f-503d-4039-8558-ddf82071898a/events
[2026-01-02 12:20:11] [INFO] → Incoming → GET /api/v1/organization/35a6560f-503d-4039-8558-ddf82071898a/events
[2026-01-02 14:03:00] [INFO] → Incoming → GET /api/v1/organizations/f94b564d-2477-4e3d-9821-e1a680363568/events
[2026-01-02 14:03:00] [ERROR] → Error → GET /api/v1/organizations/f94b564d-2477-4e3d-9821-e1a680363568/events | Message: Invalid or expired token
[2026-01-02 14:03:25] [INFO] → Incoming → POST /api/v1/auth/login
[2026-01-02 14:03:44] [INFO] → Incoming → GET /api/v1/organizations/f94b564d-2477-4e3d-9821-e1a680363568/events
[2026-01-02 14:04:02] [INFO] → Incoming → GET /api/v1/organizations/f94b564d-2477-4e3d-9821-e1a680363568/events
[2026-01-02 14:04:06] [INFO] → Incoming → GET /api/v1/organizations/f94b564d-2477-4e3d-9821-e1a680363568/events
[2026-01-02 14:04:37] [INFO] → Incoming → GET /api/v1/organizations/35a6560f-503d-4039-8558-ddf82071898a/events
[2026-01-02 14:44:50] [INFO] → Incoming → GET /api/v1/organizations/35a6560f-503d-4039-8558-ddf82071898a/events
[2026-01-02 14:48:53] [INFO] → Incoming → GET /api/v1/organizations/35a6560f-503d-4039-8558-ddf82071898a/events/f94b564d-2477-4e3d-9821-e1a680363568
[2026-01-02 14:58:26] [INFO] → Incoming → GET /api/v1/organizations/35a6560f-503d-4039-8558-ddf82071898a/events/f94b564d-2477-4e3d-9821-e1a680363568
[2026-01-02 14:58:40] [INFO] → Incoming → GET /api/v1/organizations/35a6560f-503d-4039-8558-ddf82071898a/events/f94b564d-2477-4e3d-9821-e1a680363568
[2026-01-02 15:02:57] [INFO] → Incoming → GET /api/v1/organizations/35a6560f-503d-4039-8558-ddf82071898a/events/f94b564d-2477-4e3d-9821-e1a680363568
[2026-01-02 15:03:01] [INFO] → Incoming → GET /api/v1/organizations/35a6560f-503d-4039-8558-ddf82071898a/events/f94b564d-2477-4e3d-9821-e1a680363568
[2026-01-02 15:04:34] [INFO] → Incoming → GET /api/v1/organizations/35a6560f-503d-4039-8558-ddf82071898a/events/f94b564d-2477-4e3d-9821-e1a680363568
[2026-01-02 15:07:05] [INFO] → Incoming → GET /api/v1/organizations/35a6560f-503d-4039-8558-ddf82071898a/events
[2026-01-02 15:07:51] [INFO] → Incoming → GET /api/v1/organizations/35a6560f-503d-4039-8558-ddf82071898a/events
[2026-01-02 15:15:46] [INFO] → Incoming → GET /api/v1/events
[2026-01-02 15:16:24] [INFO] → Incoming → GET /api/v1/events
[2026-01-02 15:33:12] [INFO] → Incoming → GET /api/v1/organizations/35a6560f-503d-4039-8558-ddf82071898a/events/f94b564d-2477-4e3d-9821-e1a680363568
[2026-01-02 15:33:19] [INFO] → Incoming → GET /api/v1/organizations/35a6560f-503d-4039-8558-ddf82071898a/events/f94b564d-2477-4e3d-9821-e1a680363568
[2026-01-02 15:33:21] [INFO] → Incoming → GET /api/v1/organizations/35a6560f-503d-4039-8558-ddf82071898a/events/f94b564d-2477-4e3d-9821-e1a680363568
[2026-01-02 15:33:22] [INFO] → Incoming → GET /api/v1/organizations/35a6560f-503d-4039-8558-ddf82071898a/events/f94b564d-2477-4e3d-9821-e1a680363568
[2026-01-02 15:33:37] [INFO] → Incoming → GET /api/v1/organizations/35a6560f-503d-4039-8558-ddf82071898a/events
[2026-01-02 15:34:18] [INFO] → Incoming → GET /api/v1/organizations/35a6560f-503d-4039-8558-ddf82071898a/events
[2026-01-02 15:34:35] [INFO] → Incoming → GET /api/v1/events
[2026-01-02 15:36:00] [INFO] → Incoming → GET /api/v1/events/58cb6bc9-d45a-404d-9e27-9ac3cc9af90a
[2026-01-02 15:37:21] [INFO] → Incoming → GET /api/v1/events/f94b564d-2477-4e3d-9821-e1a680363568
[2026-01-02 15:38:06] [INFO] → Incoming → GET /api/v1/organization/35a6560f-503d-4039-8558-ddf82071898a/events
[2026-01-02 15:43:45] [INFO] → Incoming → GET /api/v1/organization/35a6560f-503d-4039-8558-ddf82071898a/events
