[2025-12-10 09:20:25] [INFO] → Incoming → PUT /api/v1/organizations/f26efaa0-f447-4468-b0b9-83b660806723/events/d3e9b563-6aa6-41fe-9efa-1b05e5ecf480
[2025-12-10 09:27:12] [INFO] → Incoming → PUT /api/v1/organizations/f26efaa0-f447-4468-b0b9-83b660806723/events/d3e9b563-6aa6-41fe-9efa-1b05e5ecf480
[2025-12-10 09:29:22] [INFO] → Incoming → PUT /api/v1/organizations/f26efaa0-f447-4468-b0b9-83b660806723/events/d3e9b563-6aa6-41fe-9efa-1b05e5ecf480
[2025-12-10 09:41:44] [INFO] → Incoming → PUT /api/v1/organizations/f26efaa0-f447-4468-b0b9-83b660806723/events/d3e9b563-6aa6-41fe-9efa-1b05e5ecf480
[2025-12-10 09:42:29] [INFO] → Incoming → PUT /api/v1/organizations/f26efaa0-f447-4468-b0b9-83b660806723/events/d3e9b563-6aa6-41fe-9efa-1b05e5ecf480
[2025-12-10 09:45:45] [INFO] → Incoming → PUT /api/v1/organizations/f26efaa0-f447-4468-b0b9-83b660806723/events/d3e9b563-6aa6-41fe-9efa-1b05e5ecf480
[2025-12-10 10:11:47] [INFO] → Incoming → PUT //api/v1/organizations/f26efaa0-f447-4468-b0b9-83b660806723
[2025-12-10 10:12:34] [INFO] → Incoming → PUT /api/v1/organizations/f26efaa0-f447-4468-b0b9-83b660806723
[2025-12-10 10:12:54] [INFO] → Incoming → PUT /api/v1/organizations/f26efaa0-f447-4468-b0b9-83b660806723
[2025-12-10 10:13:04] [INFO] → Incoming → PUT /api/v1/organizations/f26efaa0-f447-4468-b0b9-83b660806723
[2025-12-10 10:13:14] [INFO] → Incoming → PUT /api/v1/organizations/f26efaa0-f447-4468-b0b9-83b660806723
[2025-12-10 10:39:34] [INFO] → Incoming → PUT //api/v1/user/eaf480db-2bb2-46d4-9600-d4125b137767
[2025-12-10 10:39:50] [INFO] → Incoming → PUT /api/v1/user/eaf480db-2bb2-46d4-9600-d4125b137767
[2025-12-10 10:54:58] [INFO] → Incoming → GET //api/v1/users/eaf480db-2bb2-46d4-9600-d4125b137767
[2025-12-10 10:55:03] [INFO] → Incoming → GET /api/v1/users/eaf480db-2bb2-46d4-9600-d4125b137767
[2025-12-10 10:55:42] [INFO] → Incoming → GET /api/v1/users/eaf480db-2bb2-46d4-9600-d4125b137767
[2025-12-10 10:56:00] [INFO] → Incoming → GET /api/v1/users/eaf480db-2bb2-46d4-9600-d4125b137767
[2025-12-10 10:56:27] [INFO] → Incoming → GET /api/v1/users/eaf480db-2bb2-46d4-9600-d4125b137767
[2025-12-10 10:57:15] [INFO] → Incoming → GET /api/v1/users/eaf480db-2bb2-46d4-9600-d4125b137767
[2025-12-10 10:58:03] [INFO] → Incoming → GET /api/v1/users/eaf480db-2bb2-46d4-9600-d4125b137767
[2025-12-10 11:03:42] [INFO] → Incoming → GET /api/v1/users/eaf480db-2bb2-46d4-9600-d4125b137767
[2025-12-10 11:06:31] [INFO] → Incoming → GET /api/v1/users/eaf480db-2bb2-46d4-9600-d4125b137767
[2025-12-10 12:05:25] [INFO] → Incoming → GET /api/v1/users/eaf480db-2bb2-46d4-9600-d4125b137767
[2025-12-10 12:05:40] [INFO] → Incoming → PUT /api/v1/user/eaf480db-2bb2-46d4-9600-d4125b137767
[2025-12-10 12:06:10] [INFO] → Incoming → PUT /api/v1/user/eaf480db-2bb2-46d4-9600-d4125b137767
[2025-12-10 12:06:17] [INFO] → Incoming → GET /api/v1/users/eaf480db-2bb2-46d4-9600-d4125b137767
[2025-12-10 12:15:31] [INFO] → Incoming → PUT /api/v1/user/eaf480db-2bb2-46d4-9600-d4125b137767
[2025-12-10 12:22:30] [INFO] → Incoming → PUT /api/v1/user/eaf480db-2bb2-46d4-9600-d4125b137767
[2025-12-10 12:22:36] [INFO] → Incoming → GET /api/v1/users/eaf480db-2bb2-46d4-9600-d4125b137767
[2025-12-10 12:22:43] [INFO] → Incoming → GET /api/v1/users/eaf
[2025-12-10 12:23:02] [INFO] → Incoming → GET /api/v1/users/eaf480db-2bb2-46d4-9600-d4125b137767
[2025-12-10 12:32:27] [INFO] → Incoming → PUT //api/v1/organizations/f26efaa0-f447-4468-b0b9-83b660806723
[2025-12-10 12:32:33] [INFO] → Incoming → PUT /api/v1/organizations/f26efaa0-f447-4468-b0b9-83b660806723
[2025-12-10 12:33:45] [INFO] → Incoming → PUT /api/v1/organizations/f26efaa0-f447-
[2025-12-10 12:34:42] [INFO] → Incoming → GET //api/v1/organizations/f26efaa0-f447-4468-b0b9-83b660806723
[2025-12-10 12:34:47] [INFO] → Incoming → GET /api/v1/organizations/f26efaa0-f447-4468-b0b9-83b660806723
[2025-12-10 12:34:52] [INFO] → Incoming → GET /api/v1/organizations/f26efaa0-f447
[2025-12-10 12:35:26] [INFO] → Incoming → GET /api/v1/organizations/f26efaa0-f447-4468-b0b9-83b660806723
[2025-12-10 12:49:01] [INFO] → Incoming → GET /api/v1/organizations/f26efaa0-f447-4468-b0b9-83b660806723
[2025-12-10 12:49:05] [INFO] → Incoming → GET /api/v1/organizations/f26efaa0-f447-4468-b0b9
[2025-12-10 12:49:19] [INFO] → Incoming → GET /api/v1/organizations/f26efaa0-f447-4468-b0b9-83b660806723
[2025-12-10 12:51:51] [INFO] → Incoming → GET //api/v1/organizations/f26efaa0-f447-4468-b0b9-83b660806723/events
[2025-12-10 12:51:55] [INFO] → Incoming → GET /api/v1/organizations/f26efaa0-f447-4468-b0b9-83b660806723/events
[2025-12-10 13:00:54] [INFO] → Incoming → GET /api/v1/organizations/f26efaa0-f447-4468-b0b9/events
[2025-12-10 13:01:19] [INFO] → Incoming → GET /api/v1/organizations/f26efaa0-f447-4468-b0b9-83b660806723/events
[2025-12-10 13:53:50] [INFO] → Incoming → GET /api/v1/organizations/f26efaa0-f447-4468-b0b9-83b660806723/events
[2025-12-10 13:55:06] [INFO] → Incoming → GET /api/v1/organizations/f26efaa0-f447-4468-b0b9-83b660806723/events/9d99193b-6e30-4985-b5a6-ca85a22d9de8
[2025-12-10 13:55:46] [INFO] → Incoming → GET /api/v1/organizations/f26efaa0-f447-4468-b0b9-83b660806723/events/d99193b-6e30-4985-b5a6-ca85a22d9de8
[2025-12-10 13:55:50] [INFO] → Incoming → GET /api/v1/organizations/f26efaa0-f447-4468-b0b9-83b660806723/events/9d99193b-6e30-4985-b5a6-ca85a22d9de8
[2025-12-10 18:14:45] [INFO] → Incoming → GET /api/v1/admin/user
[2025-12-10 18:14:52] [INFO] → Incoming → POST /api/v1/admin/user
[2025-12-10 18:21:33] [INFO] → Incoming → POST /api/v1/admin/user
