[2025-12-08 10:12:10] [INFO] → Incoming → PUT /api/v1/auth/signup
[2025-12-08 10:12:17] [INFO] → Incoming → POST /api/v1/auth/signup
[2025-12-08 10:13:13] [INFO] → Incoming → POST /api/v1/auth/login
[2025-12-08 10:14:04] [INFO] → Incoming → POST /api/v1/auth/login
[2025-12-08 10:15:41] [INFO] → Incoming → POST /api/v1/auth/login
[2025-12-08 10:16:38] [INFO] → Incoming → POST /api/v1/auth/login
[2025-12-08 11:11:41] [INFO] → Incoming → GET /api/v1/organizations
[2025-12-08 11:11:42] [INFO] → Incoming → GET /favicon.ico
[2025-12-08 11:50:35] [INFO] → Incoming → POST /api/v1/auth/login
[2025-12-08 11:50:54] [INFO] → Incoming → POST /api/v1/auth/login
[2025-12-08 11:52:47] [INFO] → Incoming → POST /api/v1/auth/login
[2025-12-08 11:52:50] [INFO] → Incoming → POST /api/v1/auth/login
[2025-12-08 11:53:02] [INFO] → Incoming → POST /api/v1/auth/login
[2025-12-08 11:54:25] [INFO] → Incoming → POST /api/v1/auth/login
[2025-12-08 11:54:36] [INFO] → Incoming → POST /api/v1/auth/login
[2025-12-08 11:55:28] [INFO] → Incoming → POST /api/v1/auth/login
[2025-12-08 11:55:45] [INFO] → Incoming → POST /api/v1/auth/login
[2025-12-08 11:56:09] [INFO] → Incoming → POST /api/v1/auth/login
[2025-12-08 11:56:27] [INFO] → Incoming → POST /api/v1/auth/login
[2025-12-08 11:59:06] [INFO] → Incoming → POST /api/v1/organization/be7c2a49-4d0f-4624-be0f-1c31210e1d8c/events
[2025-12-08 11:59:11] [INFO] → Incoming → GET /api/v1/organization/be7c2a49-4d0f-4624-be0f-1c31210e1d8c/events
[2025-12-08 11:59:12] [INFO] → Incoming → GET /api/v1/organization/be7c2a49-4d0f-4624-be0f-1c31210e1d8c/events
[2025-12-08 11:59:21] [INFO] → Incoming → GET /api/v1/organizations/be7c2a49-4d0f-4624-be0f-1c31210e1d8c/events
[2025-12-08 12:03:42] [INFO] → Incoming → GET /api/v1/organizations/bec2a49-4d0f-4624-be0f-1c31210e1d8c/events
[2025-12-08 12:04:09] [INFO] → Incoming → POST /api/v1/auth/login
[2025-12-08 12:06:20] [INFO] → Incoming → POST /api/v1/auth/login
[2025-12-08 12:06:47] [INFO] → Incoming → POST /api/v1/auth/login
[2025-12-08 12:06:58] [INFO] → Incoming → POST /api/v1/auth/login
[2025-12-08 12:08:19] [INFO] → Incoming → POST /api/v1/auth/login
[2025-12-08 12:08:36] [INFO] → Incoming → POST /api/v1/organizations/0e12c05a-1791-4e39-b34f-e38aab0a2edd/events/312c2c2c-b794-4153-a275-071030763103
[2025-12-08 12:08:40] [INFO] → Incoming → GET /api/v1/organizations/0e12c05a-1791-4e39-b34f-e38aab0a2edd/events/312c2c2c-b794-4153-a275-071030763103
[2025-12-08 12:14:38] [INFO] → Incoming → GET /api/v1/organizations/0e12c05a-1791-4e39-b34f-e38aab0a2edd/events/312c2c2c-b794-4153-a275-071030763103
[2025-12-08 12:18:11] [INFO] → Incoming → GET /api/v1/auth/login
[2025-12-08 12:18:17] [INFO] → Incoming → POST /api/v1/auth/login
[2025-12-08 12:19:07] [INFO] → Incoming → POST /api/v1/auth/login
[2025-12-08 12:19:51] [INFO] → Incoming → POST /api/v1/auth/login
[2025-12-08 12:19:58] [INFO] → Incoming → POST /api/v1/auth/login
[2025-12-08 12:21:39] [INFO] → Incoming → POST /api/v1/auth/signup
[2025-12-08 12:24:18] [INFO] → Incoming → POST /api/v1/auth/signup
[2025-12-08 12:27:40] [INFO] → Incoming → POST /api/v1/auth/org/verify?token=eyJhbGciOiJIUzI1NiIsInR5cCI6IkpXVCJ9.eyJkYXRhIjp7ImlkZW50aXR5IjoiYTZhMTlkZGItMGI3OS00ZGYwLWFlZmMtZWMwYTc1YjBhODg4In0sImlhdCI6MTc2NTE3Njg1OSwiZXhwIjoxNzY1MjYzMjU5fQ.a_dgM57Oy7cOdqubKq7I6Deh2SkT2VEUeHQI4WzroHc
[2025-12-08 12:27:45] [INFO] → Incoming → GET /api/v1/auth/org/verify?token=eyJhbGciOiJIUzI1NiIsInR5cCI6IkpXVCJ9.eyJkYXRhIjp7ImlkZW50aXR5IjoiYTZhMTlkZGItMGI3OS00ZGYwLWFlZmMtZWMwYTc1YjBhODg4In0sImlhdCI6MTc2NTE3Njg1OSwiZXhwIjoxNzY1MjYzMjU5fQ.a_dgM57Oy7cOdqubKq7I6Deh2SkT2VEUeHQI4WzroHc
[2025-12-08 12:39:21] [INFO] → Incoming → GET /api/v1/auth/forgot-password
[2025-12-08 12:39:24] [INFO] → Incoming → POST /api/v1/auth/forgot-password
[2025-12-08 12:41:29] [INFO] → Incoming → POST /api/v1/auth/resend-otp
[2025-12-08 12:41:56] [INFO] → Incoming → POST /api/v1/auth/verify-otp
[2025-12-08 12:42:25] [INFO] → Incoming → POST /api/v1/auth/verify-otp
[2025-12-08 12:42:42] [INFO] → Incoming → POST /api/v1/auth/verify-otp
[2025-12-08 12:43:50] [INFO] → Incoming → POST /api/v1/auth/resenf-otp
[2025-12-08 12:43:57] [INFO] → Incoming → POST /api/v1/auth/resend-otp
[2025-12-08 12:45:24] [INFO] → Incoming → POST /api/v1/auth/reset-password
[2025-12-08 12:45:37] [INFO] → Incoming → POST /api/v1/auth/reset-password
[2025-12-08 12:49:19] [INFO] → Incoming → POST /api/v1/auth/google-login
[2025-12-08 12:50:45] [INFO] → Incoming → POST /api/v1/auth/google-login
[2025-12-08 12:51:07] [INFO] → Incoming → POST /api/v1/auth/google-login
[2025-12-08 12:53:19] [INFO] → Incoming → POST /api/v1/auth/google-login
[2025-12-08 12:54:05] [INFO] → Incoming → POST /api/v1/users
[2025-12-08 12:54:09] [INFO] → Incoming → GET /api/v1/users
[2025-12-08 12:54:39] [INFO] → Incoming → GET /api/v1/users/fe4644bb-3983-42ce-a6cc-890e948a8396
[2025-12-08 12:57:59] [INFO] → Incoming → PUT /api/v1/users/fe4644bb-3983-42ce-a6cc-890e948a8396
[2025-12-08 12:58:08] [INFO] → Incoming → PUT /api/v1/user/fe4644bb-3983-42ce-a6cc-890e948a8396
[2025-12-08 13:02:22] [INFO] → Incoming → PUT /api/v1/user/fe4644bb-3983-42ce-a6cc-890e948a8396
[2025-12-08 13:02:46] [INFO] → Incoming → PUT /api/v1/user/fe4644bb-3983-42ce-a6cc-890e948a8396
[2025-12-08 13:03:47] [INFO] → Incoming → DELETE /api/v1/user/fe4644bb-3983-42ce-a6cc-890e948a8396
[2025-12-08 13:05:20] [INFO] → Incoming → GET /api/v1/organizations
[2025-12-08 13:05:38] [INFO] → Incoming → GET /api/v1/organizations
[2025-12-08 13:06:12] [INFO] → Incoming → GET /api/v1/organizations/a6a19ddb-0b79-4df0-aefc-ec0a75b0a888
[2025-12-08 14:05:25] [INFO] → Incoming → GET /api/v1/organizations/a6a19ddb-0b79-4df0-aefc-ec0a75b0a888
[2025-12-08 14:13:42] [INFO] → Incoming → PUT /api/v1/organizations/a6a19ddb-0b79-4df0-aefc-ec0a75b0a888
[2025-12-08 14:17:07] [INFO] → Incoming → PUT /api/v1/organizations/a6a19ddb-0b79-4df0-aefc-ec0a75b0a888
[2025-12-08 14:17:41] [INFO] → Incoming → DELETE /api/v1/organizations/a6a19ddb-0b79-4df0-aefc-ec0a75b0a888
[2025-12-08 14:18:46] [INFO] → Incoming → POST /api/v1/organizations/a6a19ddb-0b79-4df0-aefc-ec0a75b0a888/events
[2025-12-08 14:19:08] [INFO] → Incoming → POST /api/v1/organizations/a6a19ddb-0b79-4df0-aefc-ec0a75b0a888/events
[2025-12-08 14:19:29] [INFO] → Incoming → GET /api/v1/organizations/a6a19ddb-0b79-4df0-aefc-ec0a75b0a888/events
[2025-12-08 14:20:12] [INFO] → Incoming → GET /api/v1/organizations/a6a19ddb-0b79-4df0-aefc-ec0a75b0a888/events/8e1672df-b452-4de1-aa77-78df84ff25bb
[2025-12-08 14:20:48] [INFO] → Incoming → PUT /api/v1/organizations/a6a19ddb-0b79-4df0-aefc-ec0a75b0a888/events/8e1672df-b452-4de1-aa77-78df84ff25bb
[2025-12-08 14:21:20] [INFO] → Incoming → DELETE /api/v1/organizations/a6a19ddb-0b79-4df0-aefc-ec0a75b0a888/events/8e1672df-b452-4de1-aa77-78df84ff25bb
[2025-12-08 14:27:21] [INFO] → Incoming → DELETE /api/v1/events
[2025-12-08 14:27:24] [INFO] → Incoming → GET /api/v1/events
[2025-12-08 14:27:25] [INFO] → Incoming → GET /api/v1/events
[2025-12-08 14:27:25] [INFO] → Incoming → GET /api/v1/events
[2025-12-08 14:27:43] [INFO] → Incoming → GET /api/v1/events
[2025-12-08 14:28:15] [INFO] → Incoming → GET /api/v1/events
[2025-12-08 14:28:41] [INFO] → Incoming → GET /api/v1/events
[2025-12-08 14:29:56] [INFO] → Incoming → GET /api/v1/events
[2025-12-08 14:30:16] [INFO] → Incoming → GET /api/v1/events
[2025-12-08 14:31:18] [INFO] → Incoming → GET /api/v1/events
[2025-12-08 14:31:31] [INFO] → Incoming → GET /api/v1/users
[2025-12-08 14:40:47] [INFO] → Incoming → POST /api/v1/organizations/a6a19ddb-0b79-4df0-aefc-ec0a75b0a888/events
[2025-12-08 14:40:54] [INFO] → Incoming → POST /api/v1/organizations/a6a19ddb-0b79-4df0-aefc-ec0a75b0a888/events
[2025-12-08 14:41:15] [INFO] → Incoming → POST /api/v1/events
[2025-12-08 14:41:20] [INFO] → Incoming → GET /api/v1/events
[2025-12-08 14:52:46] [INFO] → Incoming → GET /api/v1/events
[2025-12-08 14:52:58] [INFO] → Incoming → GET /api/v1/events/b0cf3ed4-ff03-49ce-90a5-0dcec180997f
[2025-12-08 14:54:19] [INFO] → Incoming → GET /api/v1/events/b0cf3ed4-ff03-49ce-90a5-0dcec180997f
[2025-12-08 14:54:26] [INFO] → Incoming → GET /api/v1/events
[2025-12-08 14:54:42] [INFO] → Incoming → GET /api/v1/events/e517e390-2f24-4947-b41f-5083aa75e56f
[2025-12-08 14:56:12] [INFO] → Incoming → GET /api/v1/events/e517e390-2f24-4947-b41f-5083aa75e56f
[2025-12-08 15:18:23] [INFO] → Incoming → GET /api/v1/events
[2025-12-08 15:19:19] [INFO] → Incoming → GET /api/v1/events/b0cf3ed4-ff03-49ce-90a5-0dcec180997f
[2025-12-08 15:48:24] [INFO] → Incoming → GET /api/v1/organizations
[2025-12-08 15:48:24] [INFO] → Incoming → GET /favicon.ico
